<?xml version="1.0" encoding="UTF-8" ?>
<testsuite tests="1" failures="1" name="com.iomedia.VirtualVenue.TestCases" time="11.361" errors="0" skipped="0">
  <properties>
[...]
</properties>
  <testcase classname="com.iomedia.VirtualVenue.TestCases" name="launchSite" time="11.361">
    <failure message="com.google.common.base.Throwables.throwIfUnchecked(Ljava/lang/Throwable;)V" type="java.lang.NoSuchMethodError">java.lang.NoSuchMethodError: com.google.common.base.Throwables.throwIfUnchecked(Ljava/lang/Throwable;)V
	at org.openqa.selenium.remote.service.DriverCommandExecutor.execute(DriverCommandExecutor.java:91)
	at org.openqa.selenium.remote.RemoteWebDriver.execute(RemoteWebDriver.java:582)
	at org.openqa.selenium.remote.RemoteWebDriver.startSession(RemoteWebDriver.java:216)
	at org.openqa.selenium.remote.RemoteWebDriver.&lt;init&gt;(RemoteWebDriver.java:136)
	at org.openqa.selenium.chromium.ChromiumDriver.&lt;init&gt;(ChromiumDriver.java:75)
	at org.openqa.selenium.chrome.ChromeDriver.&lt;init&gt;(ChromeDriver.java:163)
	at org.openqa.selenium.chrome.ChromeDriver.&lt;init&gt;(ChromeDriver.java:150)
	at org.openqa.selenium.chrome.ChromeDriver.&lt;init&gt;(ChromeDriver.java:105)
	at com.iomedia.VirtualVenue.TestBase.initializeBroswer(TestBase.java:18)
	at com.iomedia.VirtualVenue.TestCases.launchSite(TestCases.java:9)
</failure>
    <system-out>Configuring TestNG with: org.apache.maven.surefire.testng.conf.TestNG652Configurator@326de728
</system-out>
    <system-err>SLF4J: Failed to load class &quot;org.slf4j.impl.StaticLoggerBinder&quot;.
SLF4J: Defaulting to no-operation (NOP) logger implementation
SLF4J: See http://www.slf4j.org/codes.html#StaticLoggerBinder for further details.
Starting ChromeDriver 88.0.4324.96 (68dba2d8a0b149a1d3afac56fa74648032bcf46b-refs/branch-heads/4324@{#1784}) on port 2849
Only local connections are allowed.
Please see https://chromedriver.chromium.org/security-considerations for suggestions on keeping ChromeDriver safe.
ChromeDriver was started successfully.
</system-err>
  </testcase>
</testsuite>