<?xml version="1.0" encoding="UTF-8"?>
<testng-results ignored="0" total="2" passed="2" failed="0" skipped="0">
  <reporter-output>
  </reporter-output>
  <suite started-at="2021-02-25T18:21:44 IST" name="Default suite" finished-at="2021-02-25T18:21:51 IST" duration-ms="6567">
    <groups>
    </groups>
    <test started-at="2021-02-25T18:21:44 IST" name="Default test" finished-at="2021-02-25T18:21:51 IST" duration-ms="6567">
      <class name="testCases.CMSLoginTC">
        <test-method is-config="true" signature="setUp()[pri:0, instance:testCases.CMSLoginTC@3c7f66c4]" started-at="2021-02-25T18:21:44 IST" name="setUp" finished-at="2021-02-25T18:21:48 IST" duration-ms="4018" status="PASS">
          <reporter-output>
          </reporter-output>
        </test-method> <!-- setUp -->
        <test-method signature="login()[pri:0, instance:testCases.CMSLoginTC@3c7f66c4]" started-at="2021-02-25T18:21:48 IST" name="login" finished-at="2021-02-25T18:21:48 IST" duration-ms="14" status="PASS">
          <reporter-output>
          </reporter-output>
        </test-method> <!-- login -->
        <test-method is-config="true" signature="tearDown()[pri:0, instance:testCases.CMSLoginTC@3c7f66c4]" started-at="2021-02-25T18:21:48 IST" name="tearDown" finished-at="2021-02-25T18:21:49 IST" duration-ms="108" status="PASS">
          <reporter-output>
          </reporter-output>
        </test-method> <!-- tearDown -->
        <test-method is-config="true" signature="setUp()[pri:0, instance:testCases.CMSLoginTC@3c7f66c4]" started-at="2021-02-25T18:21:49 IST" name="setUp" finished-at="2021-02-25T18:21:51 IST" duration-ms="2296" status="PASS">
          <reporter-output>
          </reporter-output>
        </test-method> <!-- setUp -->
        <test-method signature="getCurrentUrl()[pri:1, instance:testCases.CMSLoginTC@3c7f66c4]" started-at="2021-02-25T18:21:51 IST" name="getCurrentUrl" finished-at="2021-02-25T18:21:51 IST" duration-ms="7" status="PASS">
          <reporter-output>
          </reporter-output>
        </test-method> <!-- getCurrentUrl -->
        <test-method is-config="true" signature="tearDown()[pri:0, instance:testCases.CMSLoginTC@3c7f66c4]" started-at="2021-02-25T18:21:51 IST" name="tearDown" finished-at="2021-02-25T18:21:51 IST" duration-ms="87" status="PASS">
          <reporter-output>
          </reporter-output>
        </test-method> <!-- tearDown -->
      </class> <!-- testCases.CMSLoginTC -->
    </test> <!-- Default test -->
  </suite> <!-- Default suite -->
</testng-results>
